[CUSTOM LOG] 2025-01-11T16:18:15.978+0100 INFO               [main]                         pxl.be.post.service.PostServiceIntegrationTests - Starting PostServiceIntegrationTests using Java 21.0.2 with PID 9596 (started by 12200538 in C:\Users\12200538\Documents\project-ThimoGubbelsPXL\backend-java\post-service)
[CUSTOM LOG] 2025-01-11T16:18:15.985+0100 DEBUG              [main]                         pxl.be.post.service.PostServiceIntegrationTests - Running with Spring Boot v3.3.3, Spring v6.1.12
[CUSTOM LOG] 2025-01-11T16:18:15.986+0100 INFO               [main]                         pxl.be.post.service.PostServiceIntegrationTests - No active profile set, falling back to 1 default profile: "default"
[CUSTOM LOG] 2025-01-11T16:18:23.611+0100 INFO               [main]                         pxl.be.post.service.PostServiceIntegrationTests - Started PostServiceIntegrationTests in 10.047 seconds (process running for 28.009)
[CUSTOM LOG] 2025-01-11T16:18:23.999+0100 INFO               [main]                         pxl.be.post.service.PostService - Updating post with commentId: 1
[CUSTOM LOG] 2025-01-11T16:18:24.008+0100 INFO               [main]                         pxl.be.post.service.PostService - Post updated with commentId: Post(id=1, commentIds=[1], reviewId=null, title=Post 1, content=Content 1, isConcept=false, isApproved=false, isPublished=false, author=Author 1, date=Sat Jan 11 16:18:23 CET 2025)
[CUSTOM LOG] 2025-01-11T16:18:24.037+0100 DEBUG              [main]                         pxl.be.post.service.PostService - Saving post with title: Test Post
[CUSTOM LOG] 2025-01-11T16:18:24.107+0100 DEBUG              [main]                         pxl.be.post.service.PostService - Updating and saving post with id: 5
[CUSTOM LOG] 2025-01-11T16:18:24.128+0100 DEBUG              [main]                         pxl.be.post.service.PostService - Publishing post with id: 6
[CUSTOM LOG] 2025-01-11T16:18:24.129+0100 INFO               [main]                         pxl.be.post.service.PostService - Post publishedPost(id=6, commentIds=null, reviewId=null, title=Old Post, content=This is an old post., isConcept=false, isApproved=true, isPublished=true, author=Author, date=Sat Jan 11 16:18:24 CET 2025)
[CUSTOM LOG] 2025-01-11T16:18:24.146+0100 INFO               [main]                         pxl.be.post.service.PostService - Updating post with commentId: 1
[CUSTOM LOG] 2025-01-11T16:18:24.147+0100 INFO               [main]                         pxl.be.post.service.PostService - Post updated with commentId: Post(id=7, commentIds=[], reviewId=null, title=Post 1, content=Content 1, isConcept=false, isApproved=false, isPublished=false, author=Author 1, date=Sat Jan 11 16:18:24 CET 2025)
[CUSTOM LOG] 2025-01-11T16:18:24.166+0100 DEBUG              [main]                         pxl.be.post.service.PostService - Publishing post with id: 8
[CUSTOM LOG] 2025-01-11T16:18:24.187+0100 INFO               [main]                         pxl.be.post.service.PostService - Updating post with reviewId: 1
[CUSTOM LOG] 2025-01-11T16:18:24.188+0100 INFO               [main]                         pxl.be.post.service.PostService - Post updated with reviewId: Post(id=9, commentIds=null, reviewId=1, title=Post 1, content=Content 1, isConcept=false, isApproved=true, isPublished=false, author=Author 1, date=Sat Jan 11 16:18:24 CET 2025)
[CUSTOM LOG] 2025-01-11T16:18:26.387+0100 INFO               [main]                         pxl.be.post.controller.PostControllerTests - Starting PostControllerTests using Java 21.0.2 with PID 9596 (started by 12200538 in C:\Users\12200538\Documents\project-ThimoGubbelsPXL\backend-java\post-service)
[CUSTOM LOG] 2025-01-11T16:18:26.387+0100 DEBUG              [main]                         pxl.be.post.controller.PostControllerTests - Running with Spring Boot v3.3.3, Spring v6.1.12
[CUSTOM LOG] 2025-01-11T16:18:26.387+0100 INFO               [main]                         pxl.be.post.controller.PostControllerTests - No active profile set, falling back to 1 default profile: "default"
[CUSTOM LOG] 2025-01-11T16:18:27.068+0100 INFO               [main]                         pxl.be.post.controller.PostControllerTests - Started PostControllerTests in 1.957 seconds (process running for 31.466)
[CUSTOM LOG] 2025-01-11T16:18:27.371+0100 INFO               [main]                         pxl.be.post.controller.PostController - Publishing post with id: 1
[CUSTOM LOG] 2025-01-11T16:18:27.388+0100 INFO               [main]                         pxl.be.post.controller.PostController - Getting all posts
[CUSTOM LOG] 2025-01-11T16:18:27.389+0100 DEBUG              [main]                         pxl.be.post.controller.PostController - Getting all posts
[CUSTOM LOG] 2025-01-11T16:18:27.396+0100 INFO               [main]                         pxl.be.post.controller.PostController - <200 OK OK,[PostResponse(id=1, title=Post 1, content=Content 1, isConcept=true, isApproved=false, isPublished=false, review=null, author=Author 1, date=Sat Jan 11 16:18:27 CET 2025), PostResponse(id=2, title=Post 2, content=Content 2, isConcept=false, isApproved=false, isPublished=false, review=null, author=Author 2, date=Sat Jan 11 16:18:27 CET 2025)],[]>
[CUSTOM LOG] 2025-01-11T16:18:27.720+0100 INFO               [main]                         pxl.be.post.controller.PostController - Updating postCreatePostRequest(title=Updated Post, content=This is an updated post., author=Author, date=Sat Jan 11 16:18:27 CET 2025, isConcept=true)
[CUSTOM LOG] 2025-01-11T16:18:27.721+0100 INFO               [main]                         pxl.be.post.controller.PostController - CreatePostRequest(title=Updated Post, content=This is an updated post., author=Author, date=Sat Jan 11 16:18:27 CET 2025, isConcept=true)
[CUSTOM LOG] 2025-01-11T16:18:27.721+0100 DEBUG              [main]                         pxl.be.post.controller.PostController - Updating post
[CUSTOM LOG] 2025-01-11T16:18:27.793+0100 INFO               [main]                         pxl.be.post.controller.PostController - Getting all public posts
[CUSTOM LOG] 2025-01-11T16:18:27.793+0100 DEBUG              [main]                         pxl.be.post.controller.PostController - Getting all posts
[CUSTOM LOG] 2025-01-11T16:18:27.850+0100 INFO               [main]                         pxl.be.post.controller.PostController - Creating post
[CUSTOM LOG] 2025-01-11T16:18:27.850+0100 INFO               [main]                         pxl.be.post.controller.PostController - CreatePostRequest(title=Test Post, content=This is a test post., author=Author, date=Sat Jan 11 16:18:27 CET 2025, isConcept=false)
[CUSTOM LOG] 2025-01-11T16:18:27.850+0100 DEBUG              [main]                         pxl.be.post.controller.PostController - Creating post
[CUSTOM LOG] 2025-01-11T16:18:29.052+0100 INFO               [main]                         pxl.be.post.PostServiceApplicationTests - Starting PostServiceApplicationTests using Java 21.0.2 with PID 9596 (started by 12200538 in C:\Users\12200538\Documents\project-ThimoGubbelsPXL\backend-java\post-service)
[CUSTOM LOG] 2025-01-11T16:18:29.052+0100 DEBUG              [main]                         pxl.be.post.PostServiceApplicationTests - Running with Spring Boot v3.3.3, Spring v6.1.12
[CUSTOM LOG] 2025-01-11T16:18:29.052+0100 INFO               [main]                         pxl.be.post.PostServiceApplicationTests - No active profile set, falling back to 1 default profile: "default"
