[CUSTOM LOG] 2025-01-11T18:01:03.252+0100 INFO               [http-nio-8081-exec-4]         pxl.be.post.controller.PostController - Getting all posts
[CUSTOM LOG] 2025-01-11T18:01:03.256+0100 DEBUG              [http-nio-8081-exec-4]         pxl.be.post.controller.PostController - Getting all posts
[CUSTOM LOG] 2025-01-11T18:01:03.275+0100 INFO               [http-nio-8081-exec-4]         pxl.be.post.service.PostService - Checking if post has a reviewId Post(id=1, commentIds=[], reviewId=24, title=Test, content=Test, isConcept=false, isApproved=true, isPublished=true, author=user1, date=2025-01-02 16:22:25.322)
[CUSTOM LOG] 2025-01-11T18:01:03.275+0100 INFO               [http-nio-8081-exec-4]         pxl.be.post.service.PostService - Getting review with id: 24 (type: java.lang.Long)
[CUSTOM LOG] 2025-01-11T18:01:03.311+0100 INFO               [http-nio-8081-exec-4]         pxl.be.post.service.PostService - Review found:  Review(content=, author=user1)
[CUSTOM LOG] 2025-01-11T18:01:03.314+0100 INFO               [http-nio-8081-exec-4]         pxl.be.post.service.PostService - Checking if post has a reviewId Post(id=2, commentIds=[], reviewId=30, title=tttt, content=testingtttthhhhhtttt, isConcept=false, isApproved=false, isPublished=false, author=user1, date=2025-01-02 17:37:48.667)
[CUSTOM LOG] 2025-01-11T18:01:03.314+0100 INFO               [http-nio-8081-exec-4]         pxl.be.post.service.PostService - Getting review with id: 30 (type: java.lang.Long)
[CUSTOM LOG] 2025-01-11T18:01:03.345+0100 INFO               [http-nio-8081-exec-4]         pxl.be.post.service.PostService - Review found:  Review(content=Test, author=user1)
[CUSTOM LOG] 2025-01-11T18:01:03.345+0100 INFO               [http-nio-8081-exec-4]         pxl.be.post.controller.PostController - <200 OK OK,[PostResponse(id=1, title=Test, content=Test, isConcept=false, isApproved=true, isPublished=true, review=Review(content=, author=user1), author=user1, date=2025-01-02 16:22:25.322), PostResponse(id=2, title=tttt, content=testingtttthhhhhtttt, isConcept=false, isApproved=false, isPublished=false, review=Review(content=Test, author=user1), author=user1, date=2025-01-02 17:37:48.667)],[]>
[CUSTOM LOG] 2025-01-11T18:01:11.909+0100 INFO               [http-nio-8081-exec-8]         pxl.be.post.controller.PostController - Updating postCreatePostRequest(title=tttt, content=testingtttthhhhhtttt, author=user1, date=Sat Jan 11 18:01:11 CET 2025, isConcept=true)
[CUSTOM LOG] 2025-01-11T18:01:11.909+0100 INFO               [http-nio-8081-exec-8]         pxl.be.post.controller.PostController - CreatePostRequest(title=tttt, content=testingtttthhhhhtttt, author=user1, date=Sat Jan 11 18:01:11 CET 2025, isConcept=true)
[CUSTOM LOG] 2025-01-11T18:01:11.909+0100 DEBUG              [http-nio-8081-exec-8]         pxl.be.post.controller.PostController - Updating post
[CUSTOM LOG] 2025-01-11T18:01:11.919+0100 DEBUG              [http-nio-8081-exec-8]         pxl.be.post.service.PostService - Updating and saving post with id: 2
[CUSTOM LOG] 2025-01-11T18:01:11.934+0100 INFO               [http-nio-8081-exec-8]         pxl.be.post.service.PostService - Sending review microservice a request to delete associated review with id: 30
[CUSTOM LOG] 2025-01-11T18:01:12.002+0100 INFO               [http-nio-8081-exec-8]         pxl.be.post.service.PostService - Review deleted
[CUSTOM LOG] 2025-01-11T18:01:12.077+0100 INFO               [http-nio-8081-exec-1]         pxl.be.post.controller.PostController - Getting all posts
[CUSTOM LOG] 2025-01-11T18:01:12.077+0100 DEBUG              [http-nio-8081-exec-1]         pxl.be.post.controller.PostController - Getting all posts
[CUSTOM LOG] 2025-01-11T18:01:12.093+0100 INFO               [http-nio-8081-exec-1]         pxl.be.post.service.PostService - Checking if post has a reviewId Post(id=1, commentIds=[], reviewId=24, title=Test, content=Test, isConcept=false, isApproved=true, isPublished=true, author=user1, date=2025-01-02 16:22:25.322)
[CUSTOM LOG] 2025-01-11T18:01:12.094+0100 INFO               [http-nio-8081-exec-1]         pxl.be.post.service.PostService - Getting review with id: 24 (type: java.lang.Long)
[CUSTOM LOG] 2025-01-11T18:01:12.121+0100 INFO               [http-nio-8081-exec-1]         pxl.be.post.service.PostService - Review found:  Review(content=, author=user1)
[CUSTOM LOG] 2025-01-11T18:01:12.124+0100 INFO               [http-nio-8081-exec-1]         pxl.be.post.service.PostService - Checking if post has a reviewId Post(id=2, commentIds=[], reviewId=null, title=tttt, content=testingtttthhhhhtttt, isConcept=true, isApproved=false, isPublished=false, author=user1, date=2025-01-02 17:37:48.667)
[CUSTOM LOG] 2025-01-11T18:01:12.124+0100 INFO               [http-nio-8081-exec-1]         pxl.be.post.controller.PostController - <200 OK OK,[PostResponse(id=1, title=Test, content=Test, isConcept=false, isApproved=true, isPublished=true, review=Review(content=, author=user1), author=user1, date=2025-01-02 16:22:25.322), PostResponse(id=2, title=tttt, content=testingtttthhhhhtttt, isConcept=true, isApproved=false, isPublished=false, review=null, author=user1, date=2025-01-02 17:37:48.667)],[]>
[CUSTOM LOG] 2025-01-11T18:01:13.224+0100 INFO               [http-nio-8081-exec-2]         pxl.be.post.controller.PostController - Getting all posts
[CUSTOM LOG] 2025-01-11T18:01:13.224+0100 DEBUG              [http-nio-8081-exec-2]         pxl.be.post.controller.PostController - Getting all posts
[CUSTOM LOG] 2025-01-11T18:01:13.239+0100 INFO               [http-nio-8081-exec-2]         pxl.be.post.service.PostService - Checking if post has a reviewId Post(id=1, commentIds=[], reviewId=24, title=Test, content=Test, isConcept=false, isApproved=true, isPublished=true, author=user1, date=2025-01-02 16:22:25.322)
[CUSTOM LOG] 2025-01-11T18:01:13.239+0100 INFO               [http-nio-8081-exec-2]         pxl.be.post.service.PostService - Getting review with id: 24 (type: java.lang.Long)
[CUSTOM LOG] 2025-01-11T18:01:13.263+0100 INFO               [http-nio-8081-exec-2]         pxl.be.post.service.PostService - Review found:  Review(content=, author=user1)
[CUSTOM LOG] 2025-01-11T18:01:13.266+0100 INFO               [http-nio-8081-exec-2]         pxl.be.post.service.PostService - Checking if post has a reviewId Post(id=2, commentIds=[], reviewId=null, title=tttt, content=testingtttthhhhhtttt, isConcept=true, isApproved=false, isPublished=false, author=user1, date=2025-01-02 17:37:48.667)
[CUSTOM LOG] 2025-01-11T18:01:13.266+0100 INFO               [http-nio-8081-exec-2]         pxl.be.post.controller.PostController - <200 OK OK,[PostResponse(id=1, title=Test, content=Test, isConcept=false, isApproved=true, isPublished=true, review=Review(content=, author=user1), author=user1, date=2025-01-02 16:22:25.322), PostResponse(id=2, title=tttt, content=testingtttthhhhhtttt, isConcept=true, isApproved=false, isPublished=false, review=null, author=user1, date=2025-01-02 17:37:48.667)],[]>
[CUSTOM LOG] 2025-01-11T18:01:17.075+0100 INFO               [http-nio-8081-exec-5]         pxl.be.post.controller.PostController - Getting all posts
[CUSTOM LOG] 2025-01-11T18:01:17.075+0100 DEBUG              [http-nio-8081-exec-5]         pxl.be.post.controller.PostController - Getting all posts
[CUSTOM LOG] 2025-01-11T18:01:17.090+0100 INFO               [http-nio-8081-exec-5]         pxl.be.post.service.PostService - Checking if post has a reviewId Post(id=1, commentIds=[], reviewId=24, title=Test, content=Test, isConcept=false, isApproved=true, isPublished=true, author=user1, date=2025-01-02 16:22:25.322)
[CUSTOM LOG] 2025-01-11T18:01:17.090+0100 INFO               [http-nio-8081-exec-5]         pxl.be.post.service.PostService - Getting review with id: 24 (type: java.lang.Long)
[CUSTOM LOG] 2025-01-11T18:01:17.121+0100 INFO               [http-nio-8081-exec-5]         pxl.be.post.service.PostService - Review found:  Review(content=, author=user1)
[CUSTOM LOG] 2025-01-11T18:01:17.124+0100 INFO               [http-nio-8081-exec-5]         pxl.be.post.service.PostService - Checking if post has a reviewId Post(id=2, commentIds=[], reviewId=null, title=tttt, content=testingtttthhhhhtttt, isConcept=true, isApproved=false, isPublished=false, author=user1, date=2025-01-02 17:37:48.667)
[CUSTOM LOG] 2025-01-11T18:01:17.124+0100 INFO               [http-nio-8081-exec-5]         pxl.be.post.controller.PostController - <200 OK OK,[PostResponse(id=1, title=Test, content=Test, isConcept=false, isApproved=true, isPublished=true, review=Review(content=, author=user1), author=user1, date=2025-01-02 16:22:25.322), PostResponse(id=2, title=tttt, content=testingtttthhhhhtttt, isConcept=true, isApproved=false, isPublished=false, review=null, author=user1, date=2025-01-02 17:37:48.667)],[]>
[CUSTOM LOG] 2025-01-11T18:01:18.132+0100 INFO               [http-nio-8081-exec-6]         pxl.be.post.controller.PostController - Getting all posts
[CUSTOM LOG] 2025-01-11T18:01:18.132+0100 DEBUG              [http-nio-8081-exec-6]         pxl.be.post.controller.PostController - Getting all posts
[CUSTOM LOG] 2025-01-11T18:01:18.144+0100 INFO               [http-nio-8081-exec-6]         pxl.be.post.service.PostService - Checking if post has a reviewId Post(id=1, commentIds=[], reviewId=24, title=Test, content=Test, isConcept=false, isApproved=true, isPublished=true, author=user1, date=2025-01-02 16:22:25.322)
[CUSTOM LOG] 2025-01-11T18:01:18.144+0100 INFO               [http-nio-8081-exec-6]         pxl.be.post.service.PostService - Getting review with id: 24 (type: java.lang.Long)
[CUSTOM LOG] 2025-01-11T18:01:18.170+0100 INFO               [http-nio-8081-exec-6]         pxl.be.post.service.PostService - Review found:  Review(content=, author=user1)
[CUSTOM LOG] 2025-01-11T18:01:18.173+0100 INFO               [http-nio-8081-exec-6]         pxl.be.post.service.PostService - Checking if post has a reviewId Post(id=2, commentIds=[], reviewId=null, title=tttt, content=testingtttthhhhhtttt, isConcept=true, isApproved=false, isPublished=false, author=user1, date=2025-01-02 17:37:48.667)
[CUSTOM LOG] 2025-01-11T18:01:18.173+0100 INFO               [http-nio-8081-exec-6]         pxl.be.post.controller.PostController - <200 OK OK,[PostResponse(id=1, title=Test, content=Test, isConcept=false, isApproved=true, isPublished=true, review=Review(content=, author=user1), author=user1, date=2025-01-02 16:22:25.322), PostResponse(id=2, title=tttt, content=testingtttthhhhhtttt, isConcept=true, isApproved=false, isPublished=false, review=null, author=user1, date=2025-01-02 17:37:48.667)],[]>
[CUSTOM LOG] 2025-01-11T18:01:24.873+0100 INFO               [http-nio-8081-exec-3]         pxl.be.post.controller.PostController - Getting all posts
[CUSTOM LOG] 2025-01-11T18:01:24.873+0100 DEBUG              [http-nio-8081-exec-3]         pxl.be.post.controller.PostController - Getting all posts
[CUSTOM LOG] 2025-01-11T18:01:24.891+0100 INFO               [http-nio-8081-exec-3]         pxl.be.post.service.PostService - Checking if post has a reviewId Post(id=1, commentIds=[], reviewId=24, title=Test, content=Test, isConcept=false, isApproved=true, isPublished=true, author=user1, date=2025-01-02 16:22:25.322)
[CUSTOM LOG] 2025-01-11T18:01:24.891+0100 INFO               [http-nio-8081-exec-3]         pxl.be.post.service.PostService - Getting review with id: 24 (type: java.lang.Long)
[CUSTOM LOG] 2025-01-11T18:01:24.928+0100 INFO               [http-nio-8081-exec-3]         pxl.be.post.service.PostService - Review found:  Review(content=, author=user1)
[CUSTOM LOG] 2025-01-11T18:01:24.931+0100 INFO               [http-nio-8081-exec-3]         pxl.be.post.service.PostService - Checking if post has a reviewId Post(id=2, commentIds=[], reviewId=null, title=tttt, content=testingtttthhhhhtttt, isConcept=true, isApproved=false, isPublished=false, author=user1, date=2025-01-02 17:37:48.667)
[CUSTOM LOG] 2025-01-11T18:01:24.932+0100 INFO               [http-nio-8081-exec-3]         pxl.be.post.controller.PostController - <200 OK OK,[PostResponse(id=1, title=Test, content=Test, isConcept=false, isApproved=true, isPublished=true, review=Review(content=, author=user1), author=user1, date=2025-01-02 16:22:25.322), PostResponse(id=2, title=tttt, content=testingtttthhhhhtttt, isConcept=true, isApproved=false, isPublished=false, review=null, author=user1, date=2025-01-02 17:37:48.667)],[]>
[CUSTOM LOG] 2025-01-11T18:01:28.523+0100 INFO               [http-nio-8081-exec-7]         pxl.be.post.controller.PostController - Getting all posts
[CUSTOM LOG] 2025-01-11T18:01:28.523+0100 DEBUG              [http-nio-8081-exec-7]         pxl.be.post.controller.PostController - Getting all posts
[CUSTOM LOG] 2025-01-11T18:01:28.537+0100 INFO               [http-nio-8081-exec-7]         pxl.be.post.service.PostService - Checking if post has a reviewId Post(id=1, commentIds=[], reviewId=24, title=Test, content=Test, isConcept=false, isApproved=true, isPublished=true, author=user1, date=2025-01-02 16:22:25.322)
[CUSTOM LOG] 2025-01-11T18:01:28.537+0100 INFO               [http-nio-8081-exec-7]         pxl.be.post.service.PostService - Getting review with id: 24 (type: java.lang.Long)
[CUSTOM LOG] 2025-01-11T18:01:28.559+0100 INFO               [http-nio-8081-exec-7]         pxl.be.post.service.PostService - Review found:  Review(content=, author=user1)
[CUSTOM LOG] 2025-01-11T18:01:28.561+0100 INFO               [http-nio-8081-exec-7]         pxl.be.post.service.PostService - Checking if post has a reviewId Post(id=2, commentIds=[], reviewId=null, title=tttt, content=testingtttthhhhhtttt, isConcept=true, isApproved=false, isPublished=false, author=user1, date=2025-01-02 17:37:48.667)
[CUSTOM LOG] 2025-01-11T18:01:28.561+0100 INFO               [http-nio-8081-exec-7]         pxl.be.post.controller.PostController - <200 OK OK,[PostResponse(id=1, title=Test, content=Test, isConcept=false, isApproved=true, isPublished=true, review=Review(content=, author=user1), author=user1, date=2025-01-02 16:22:25.322), PostResponse(id=2, title=tttt, content=testingtttthhhhhtttt, isConcept=true, isApproved=false, isPublished=false, review=null, author=user1, date=2025-01-02 17:37:48.667)],[]>
[CUSTOM LOG] 2025-01-11T18:03:07.449+0100 INFO               [main]                         pxl.be.post.PostServiceApplication - Starting PostServiceApplication using Java 21.0.2 with PID 34256 (C:\Users\12200538\Documents\project-ThimoGubbelsPXL\backend-java\post-service\target\classes started by 12200538 in C:\Users\12200538\Documents\project-ThimoGubbelsPXL\backend-java)
[CUSTOM LOG] 2025-01-11T18:03:07.450+0100 DEBUG              [main]                         pxl.be.post.PostServiceApplication - Running with Spring Boot v3.3.3, Spring v6.1.12
[CUSTOM LOG] 2025-01-11T18:03:07.451+0100 INFO               [main]                         pxl.be.post.PostServiceApplication - No active profile set, falling back to 1 default profile: "default"
[CUSTOM LOG] 2025-01-11T18:03:17.334+0100 INFO               [main]                         pxl.be.post.PostServiceApplication - Started PostServiceApplication in 12.374 seconds (process running for 13.373)
[CUSTOM LOG] 2025-01-11T18:04:17.771+0100 INFO               [http-nio-8081-exec-2]         pxl.be.post.controller.PostController - Getting all public posts
[CUSTOM LOG] 2025-01-11T18:04:17.771+0100 DEBUG              [http-nio-8081-exec-2]         pxl.be.post.controller.PostController - Getting all posts
[CUSTOM LOG] 2025-01-11T18:04:24.774+0100 INFO               [http-nio-8081-exec-1]         pxl.be.post.controller.PostController - Getting all posts
[CUSTOM LOG] 2025-01-11T18:04:24.774+0100 DEBUG              [http-nio-8081-exec-1]         pxl.be.post.controller.PostController - Getting all posts
[CUSTOM LOG] 2025-01-11T18:04:24.800+0100 INFO               [http-nio-8081-exec-1]         pxl.be.post.service.PostService - Checking if post has a reviewId Post(id=1, commentIds=[], reviewId=24, title=Test, content=Test, isConcept=false, isApproved=true, isPublished=true, author=user1, date=2025-01-02 16:22:25.322)
[CUSTOM LOG] 2025-01-11T18:04:24.801+0100 INFO               [http-nio-8081-exec-1]         pxl.be.post.service.PostService - Getting review with id: 24 (type: java.lang.Long)
[CUSTOM LOG] 2025-01-11T18:04:24.960+0100 INFO               [http-nio-8081-exec-1]         pxl.be.post.service.PostService - Review found:  Review(content=, author=user1)
[CUSTOM LOG] 2025-01-11T18:04:24.963+0100 INFO               [http-nio-8081-exec-1]         pxl.be.post.service.PostService - Checking if post has a reviewId Post(id=2, commentIds=[], reviewId=null, title=tttt, content=testingtttthhhhhtttt, isConcept=true, isApproved=false, isPublished=false, author=user1, date=2025-01-02 17:37:48.667)
[CUSTOM LOG] 2025-01-11T18:04:24.967+0100 INFO               [http-nio-8081-exec-1]         pxl.be.post.controller.PostController - <200 OK OK,[PostResponse(id=1, title=Test, content=Test, isConcept=false, isApproved=true, isPublished=true, review=Review(content=, author=user1), author=user1, date=2025-01-02 16:22:25.322), PostResponse(id=2, title=tttt, content=testingtttthhhhhtttt, isConcept=true, isApproved=false, isPublished=false, review=null, author=user1, date=2025-01-02 17:37:48.667)],[]>
[CUSTOM LOG] 2025-01-11T18:05:02.765+0100 INFO               [http-nio-8081-exec-3]         pxl.be.post.controller.PostController - Getting all posts
[CUSTOM LOG] 2025-01-11T18:05:02.766+0100 DEBUG              [http-nio-8081-exec-3]         pxl.be.post.controller.PostController - Getting all posts
[CUSTOM LOG] 2025-01-11T18:05:02.782+0100 INFO               [http-nio-8081-exec-3]         pxl.be.post.service.PostService - Checking if post has a reviewId Post(id=1, commentIds=[], reviewId=24, title=Test, content=Test, isConcept=false, isApproved=true, isPublished=true, author=user1, date=2025-01-02 16:22:25.322)
[CUSTOM LOG] 2025-01-11T18:05:02.782+0100 INFO               [http-nio-8081-exec-3]         pxl.be.post.service.PostService - Getting review with id: 24 (type: java.lang.Long)
[CUSTOM LOG] 2025-01-11T18:05:02.822+0100 INFO               [http-nio-8081-exec-3]         pxl.be.post.service.PostService - Review found:  Review(content=, author=user1)
[CUSTOM LOG] 2025-01-11T18:05:02.825+0100 INFO               [http-nio-8081-exec-3]         pxl.be.post.service.PostService - Checking if post has a reviewId Post(id=2, commentIds=[], reviewId=null, title=tttt, content=testingtttthhhhhtttt, isConcept=true, isApproved=false, isPublished=false, author=user1, date=2025-01-02 17:37:48.667)
[CUSTOM LOG] 2025-01-11T18:05:02.826+0100 INFO               [http-nio-8081-exec-3]         pxl.be.post.controller.PostController - <200 OK OK,[PostResponse(id=1, title=Test, content=Test, isConcept=false, isApproved=true, isPublished=true, review=Review(content=, author=user1), author=user1, date=2025-01-02 16:22:25.322), PostResponse(id=2, title=tttt, content=testingtttthhhhhtttt, isConcept=true, isApproved=false, isPublished=false, review=null, author=user1, date=2025-01-02 17:37:48.667)],[]>
[CUSTOM LOG] 2025-01-11T18:26:55.032+0100 INFO               [http-nio-8081-exec-6]         pxl.be.post.controller.PostController - Getting all posts
[CUSTOM LOG] 2025-01-11T18:26:55.033+0100 DEBUG              [http-nio-8081-exec-6]         pxl.be.post.controller.PostController - Getting all posts
[CUSTOM LOG] 2025-01-11T18:26:55.167+0100 INFO               [http-nio-8081-exec-6]         pxl.be.post.service.PostService - Checking if post has a reviewId Post(id=1, commentIds=[], reviewId=24, title=Test, content=Test, isConcept=false, isApproved=true, isPublished=true, author=user1, date=2025-01-02 16:22:25.322)
[CUSTOM LOG] 2025-01-11T18:26:55.167+0100 INFO               [http-nio-8081-exec-6]         pxl.be.post.service.PostService - Getting review with id: 24 (type: java.lang.Long)
[CUSTOM LOG] 2025-01-11T18:26:55.290+0100 INFO               [http-nio-8081-exec-6]         pxl.be.post.service.PostService - Review found:  Review(content=, author=user1)
[CUSTOM LOG] 2025-01-11T18:26:55.295+0100 INFO               [http-nio-8081-exec-6]         pxl.be.post.service.PostService - Checking if post has a reviewId Post(id=2, commentIds=[], reviewId=null, title=tttt, content=testingtttthhhhhtttt, isConcept=true, isApproved=false, isPublished=false, author=user1, date=2025-01-02 17:37:48.667)
[CUSTOM LOG] 2025-01-11T18:26:55.297+0100 INFO               [http-nio-8081-exec-6]         pxl.be.post.controller.PostController - <200 OK OK,[PostResponse(id=1, title=Test, content=Test, isConcept=false, isApproved=true, isPublished=true, review=Review(content=, author=user1), author=user1, date=2025-01-02 16:22:25.322), PostResponse(id=2, title=tttt, content=testingtttthhhhhtttt, isConcept=true, isApproved=false, isPublished=false, review=null, author=user1, date=2025-01-02 17:37:48.667)],[]>
[CUSTOM LOG] 2025-01-11T18:26:56.586+0100 INFO               [http-nio-8081-exec-7]         pxl.be.post.controller.PostController - Getting all posts
[CUSTOM LOG] 2025-01-11T18:26:56.586+0100 DEBUG              [http-nio-8081-exec-7]         pxl.be.post.controller.PostController - Getting all posts
[CUSTOM LOG] 2025-01-11T18:26:56.601+0100 INFO               [http-nio-8081-exec-7]         pxl.be.post.service.PostService - Checking if post has a reviewId Post(id=1, commentIds=[], reviewId=24, title=Test, content=Test, isConcept=false, isApproved=true, isPublished=true, author=user1, date=2025-01-02 16:22:25.322)
[CUSTOM LOG] 2025-01-11T18:26:56.601+0100 INFO               [http-nio-8081-exec-7]         pxl.be.post.service.PostService - Getting review with id: 24 (type: java.lang.Long)
[CUSTOM LOG] 2025-01-11T18:26:56.626+0100 INFO               [http-nio-8081-exec-7]         pxl.be.post.service.PostService - Review found:  Review(content=, author=user1)
[CUSTOM LOG] 2025-01-11T18:26:56.630+0100 INFO               [http-nio-8081-exec-7]         pxl.be.post.service.PostService - Checking if post has a reviewId Post(id=2, commentIds=[], reviewId=null, title=tttt, content=testingtttthhhhhtttt, isConcept=true, isApproved=false, isPublished=false, author=user1, date=2025-01-02 17:37:48.667)
[CUSTOM LOG] 2025-01-11T18:26:56.630+0100 INFO               [http-nio-8081-exec-7]         pxl.be.post.controller.PostController - <200 OK OK,[PostResponse(id=1, title=Test, content=Test, isConcept=false, isApproved=true, isPublished=true, review=Review(content=, author=user1), author=user1, date=2025-01-02 16:22:25.322), PostResponse(id=2, title=tttt, content=testingtttthhhhhtttt, isConcept=true, isApproved=false, isPublished=false, review=null, author=user1, date=2025-01-02 17:37:48.667)],[]>
