[CUSTOM LOG] 2025-01-04T14:10:52.231+0100 INFO               [main]                         pxl.be.post.service.PostServiceIntegrationTests - Starting PostServiceIntegrationTests using Java 21.0.2 with PID 10980 (started by 12200538 in C:\Users\12200538\Documents\project-ThimoGubbelsPXL\backend-java\post-service)
[CUSTOM LOG] 2025-01-04T14:10:52.238+0100 DEBUG              [main]                         pxl.be.post.service.PostServiceIntegrationTests - Running with Spring Boot v3.3.3, Spring v6.1.12
[CUSTOM LOG] 2025-01-04T14:10:52.239+0100 INFO               [main]                         pxl.be.post.service.PostServiceIntegrationTests - No active profile set, falling back to 1 default profile: "default"
[CUSTOM LOG] 2025-01-04T14:11:00.158+0100 INFO               [main]                         pxl.be.post.service.PostServiceIntegrationTests - Started PostServiceIntegrationTests in 10.047 seconds (process running for 22.01)
[CUSTOM LOG] 2025-01-04T14:11:00.857+0100 DEBUG              [main]                         pxl.be.post.service.PostService - Saving post with title: Test Post
[CUSTOM LOG] 2025-01-04T14:11:01.073+0100 DEBUG              [main]                         pxl.be.post.service.PostService - Updating post with id: 4
[CUSTOM LOG] 2025-01-04T14:13:35.366+0100 INFO               [main]                         pxl.be.post.service.PostServiceIntegrationTests - Starting PostServiceIntegrationTests using Java 21.0.2 with PID 13056 (started by 12200538 in C:\Users\12200538\Documents\project-ThimoGubbelsPXL\backend-java\post-service)
[CUSTOM LOG] 2025-01-04T14:13:35.368+0100 DEBUG              [main]                         pxl.be.post.service.PostServiceIntegrationTests - Running with Spring Boot v3.3.3, Spring v6.1.12
[CUSTOM LOG] 2025-01-04T14:13:35.369+0100 INFO               [main]                         pxl.be.post.service.PostServiceIntegrationTests - No active profile set, falling back to 1 default profile: "default"
[CUSTOM LOG] 2025-01-04T14:13:43.586+0100 INFO               [main]                         pxl.be.post.service.PostServiceIntegrationTests - Started PostServiceIntegrationTests in 10.333 seconds (process running for 22.61)
[CUSTOM LOG] 2025-01-04T14:13:44.273+0100 DEBUG              [main]                         pxl.be.post.service.PostService - Saving post with title: Test Post
[CUSTOM LOG] 2025-01-04T14:13:44.519+0100 DEBUG              [main]                         pxl.be.post.service.PostService - Updating post with id: 4
[CUSTOM LOG] 2025-01-04T14:13:44.600+0100 DEBUG              [main]                         pxl.be.post.service.PostService - Publishing post with id: 5
[CUSTOM LOG] 2025-01-04T14:13:44.665+0100 INFO               [main]                         pxl.be.post.service.PostService - Updating post with reviewId: 1
[CUSTOM LOG] 2025-01-04T14:13:44.684+0100 INFO               [main]                         pxl.be.post.service.PostService - Post updated with reviewId: Post(id=6, commentIds=[], reviewId=1, title=Post 1, content=Content 1, isConcept=false, isApproved=true, isPublished=false, author=Author 1, date=2025-01-04 14:13:44.647)
[CUSTOM LOG] 2025-01-04T14:17:51.373+0100 INFO               [main]                         pxl.be.post.service.PostServiceIntegrationTests - Starting PostServiceIntegrationTests using Java 21.0.2 with PID 15584 (started by 12200538 in C:\Users\12200538\Documents\project-ThimoGubbelsPXL\backend-java\post-service)
[CUSTOM LOG] 2025-01-04T14:17:51.376+0100 DEBUG              [main]                         pxl.be.post.service.PostServiceIntegrationTests - Running with Spring Boot v3.3.3, Spring v6.1.12
[CUSTOM LOG] 2025-01-04T14:17:51.377+0100 INFO               [main]                         pxl.be.post.service.PostServiceIntegrationTests - No active profile set, falling back to 1 default profile: "default"
[CUSTOM LOG] 2025-01-04T14:17:58.045+0100 INFO               [main]                         pxl.be.post.service.PostServiceIntegrationTests - Started PostServiceIntegrationTests in 8.535 seconds (process running for 21.549)
[CUSTOM LOG] 2025-01-04T14:17:58.780+0100 DEBUG              [main]                         pxl.be.post.service.PostService - Publishing post with id: 1
[CUSTOM LOG] 2025-01-04T14:17:58.810+0100 INFO               [main]                         pxl.be.post.service.PostService - Post publishedPost(id=1, commentIds=[], reviewId=null, title=Old Post, content=This is an old post., isConcept=false, isApproved=true, isPublished=true, author=Author, date=2025-01-04 14:17:58.712)
[CUSTOM LOG] 2025-01-04T14:18:21.160+0100 INFO               [main]                         pxl.be.post.service.PostServiceIntegrationTests - Starting PostServiceIntegrationTests using Java 21.0.2 with PID 10724 (started by 12200538 in C:\Users\12200538\Documents\project-ThimoGubbelsPXL\backend-java\post-service)
[CUSTOM LOG] 2025-01-04T14:18:21.161+0100 DEBUG              [main]                         pxl.be.post.service.PostServiceIntegrationTests - Running with Spring Boot v3.3.3, Spring v6.1.12
[CUSTOM LOG] 2025-01-04T14:18:21.162+0100 INFO               [main]                         pxl.be.post.service.PostServiceIntegrationTests - No active profile set, falling back to 1 default profile: "default"
[CUSTOM LOG] 2025-01-04T14:18:27.757+0100 INFO               [main]                         pxl.be.post.service.PostServiceIntegrationTests - Started PostServiceIntegrationTests in 8.436 seconds (process running for 20.673)
[CUSTOM LOG] 2025-01-04T14:18:28.530+0100 DEBUG              [main]                         pxl.be.post.service.PostService - Publishing post with id: 1
[CUSTOM LOG] 2025-01-04T14:19:54.231+0100 INFO               [main]                         pxl.be.post.service.PostServiceIntegrationTests - Starting PostServiceIntegrationTests using Java 21.0.2 with PID 19320 (started by 12200538 in C:\Users\12200538\Documents\project-ThimoGubbelsPXL\backend-java\post-service)
[CUSTOM LOG] 2025-01-04T14:19:54.232+0100 DEBUG              [main]                         pxl.be.post.service.PostServiceIntegrationTests - Running with Spring Boot v3.3.3, Spring v6.1.12
[CUSTOM LOG] 2025-01-04T14:19:54.232+0100 INFO               [main]                         pxl.be.post.service.PostServiceIntegrationTests - No active profile set, falling back to 1 default profile: "default"
[CUSTOM LOG] 2025-01-04T14:20:00.692+0100 INFO               [main]                         pxl.be.post.service.PostServiceIntegrationTests - Started PostServiceIntegrationTests in 8.311 seconds (process running for 19.765)
[CUSTOM LOG] 2025-01-04T14:20:01.288+0100 DEBUG              [main]                         pxl.be.post.service.PostService - Saving post with title: Test Post
[CUSTOM LOG] 2025-01-04T14:20:01.509+0100 DEBUG              [main]                         pxl.be.post.service.PostService - Updating post with id: 4
[CUSTOM LOG] 2025-01-04T14:20:01.572+0100 DEBUG              [main]                         pxl.be.post.service.PostService - Publishing post with id: 5
[CUSTOM LOG] 2025-01-04T14:20:01.583+0100 INFO               [main]                         pxl.be.post.service.PostService - Post publishedPost(id=5, commentIds=[], reviewId=null, title=Old Post, content=This is an old post., isConcept=false, isApproved=true, isPublished=true, author=Author, date=2025-01-04 14:20:01.559)
[CUSTOM LOG] 2025-01-04T14:20:01.634+0100 DEBUG              [main]                         pxl.be.post.service.PostService - Publishing post with id: 6
[CUSTOM LOG] 2025-01-04T14:20:01.665+0100 INFO               [main]                         pxl.be.post.service.PostService - Updating post with reviewId: 1
[CUSTOM LOG] 2025-01-04T14:20:01.669+0100 INFO               [main]                         pxl.be.post.service.PostService - Post updated with reviewId: Post(id=7, commentIds=[], reviewId=1, title=Post 1, content=Content 1, isConcept=false, isApproved=true, isPublished=false, author=Author 1, date=2025-01-04 14:20:01.655)
[CUSTOM LOG] 2025-01-04T14:21:00.036+0100 INFO               [main]                         pxl.be.post.service.PostServiceIntegrationTests - Starting PostServiceIntegrationTests using Java 21.0.2 with PID 19948 (started by 12200538 in C:\Users\12200538\Documents\project-ThimoGubbelsPXL\backend-java\post-service)
[CUSTOM LOG] 2025-01-04T14:21:00.037+0100 DEBUG              [main]                         pxl.be.post.service.PostServiceIntegrationTests - Running with Spring Boot v3.3.3, Spring v6.1.12
[CUSTOM LOG] 2025-01-04T14:21:00.038+0100 INFO               [main]                         pxl.be.post.service.PostServiceIntegrationTests - No active profile set, falling back to 1 default profile: "default"
[CUSTOM LOG] 2025-01-04T14:21:06.557+0100 INFO               [main]                         pxl.be.post.service.PostServiceIntegrationTests - Started PostServiceIntegrationTests in 8.363 seconds (process running for 19.855)
[CUSTOM LOG] 2025-01-04T14:21:07.177+0100 DEBUG              [main]                         pxl.be.post.service.PostService - Saving post with title: Test Post
[CUSTOM LOG] 2025-01-04T14:21:07.367+0100 DEBUG              [main]                         pxl.be.post.service.PostService - Updating post with id: 4
[CUSTOM LOG] 2025-01-04T14:21:07.423+0100 DEBUG              [main]                         pxl.be.post.service.PostService - Publishing post with id: 5
[CUSTOM LOG] 2025-01-04T14:21:07.433+0100 INFO               [main]                         pxl.be.post.service.PostService - Post publishedPost(id=5, commentIds=[], reviewId=null, title=Old Post, content=This is an old post., isConcept=false, isApproved=true, isPublished=true, author=Author, date=2025-01-04 14:21:07.412)
[CUSTOM LOG] 2025-01-04T14:21:07.474+0100 DEBUG              [main]                         pxl.be.post.service.PostService - Publishing post with id: 6
[CUSTOM LOG] 2025-01-04T14:21:07.509+0100 INFO               [main]                         pxl.be.post.service.PostService - Updating post with reviewId: 1
[CUSTOM LOG] 2025-01-04T14:21:07.514+0100 INFO               [main]                         pxl.be.post.service.PostService - Post updated with reviewId: Post(id=7, commentIds=[], reviewId=1, title=Post 1, content=Content 1, isConcept=false, isApproved=true, isPublished=false, author=Author 1, date=2025-01-04 14:21:07.499)
[CUSTOM LOG] 2025-01-04T14:21:54.209+0100 INFO               [main]                         pxl.be.post.service.PostServiceIntegrationTests - Starting PostServiceIntegrationTests using Java 21.0.2 with PID 12264 (started by 12200538 in C:\Users\12200538\Documents\project-ThimoGubbelsPXL\backend-java\post-service)
[CUSTOM LOG] 2025-01-04T14:21:54.211+0100 DEBUG              [main]                         pxl.be.post.service.PostServiceIntegrationTests - Running with Spring Boot v3.3.3, Spring v6.1.12
[CUSTOM LOG] 2025-01-04T14:21:54.211+0100 INFO               [main]                         pxl.be.post.service.PostServiceIntegrationTests - No active profile set, falling back to 1 default profile: "default"
[CUSTOM LOG] 2025-01-04T14:22:00.699+0100 INFO               [main]                         pxl.be.post.service.PostServiceIntegrationTests - Started PostServiceIntegrationTests in 8.338 seconds (process running for 20.864)
[CUSTOM LOG] 2025-01-04T14:22:01.352+0100 DEBUG              [main]                         pxl.be.post.service.PostService - Saving post with title: Test Post
[CUSTOM LOG] 2025-01-04T14:22:01.576+0100 DEBUG              [main]                         pxl.be.post.service.PostService - Updating post with id: 4
[CUSTOM LOG] 2025-01-04T14:22:01.644+0100 DEBUG              [main]                         pxl.be.post.service.PostService - Publishing post with id: 5
[CUSTOM LOG] 2025-01-04T14:22:01.657+0100 INFO               [main]                         pxl.be.post.service.PostService - Post publishedPost(id=5, commentIds=[], reviewId=null, title=Old Post, content=This is an old post., isConcept=false, isApproved=true, isPublished=true, author=Author, date=2025-01-04 14:22:01.631)
[CUSTOM LOG] 2025-01-04T14:22:01.708+0100 DEBUG              [main]                         pxl.be.post.service.PostService - Publishing post with id: 6
[CUSTOM LOG] 2025-01-04T14:22:01.742+0100 INFO               [main]                         pxl.be.post.service.PostService - Updating post with reviewId: 1
[CUSTOM LOG] 2025-01-04T14:22:01.748+0100 INFO               [main]                         pxl.be.post.service.PostService - Post updated with reviewId: Post(id=7, commentIds=[], reviewId=1, title=Post 1, content=Content 1, isConcept=false, isApproved=true, isPublished=false, author=Author 1, date=2025-01-04 14:22:01.731)
[CUSTOM LOG] 2025-01-04T14:23:04.060+0100 INFO               [main]                         pxl.be.post.controller.PostControllerTests - Starting PostControllerTests using Java 21.0.2 with PID 11932 (started by 12200538 in C:\Users\12200538\Documents\project-ThimoGubbelsPXL\backend-java\post-service)
[CUSTOM LOG] 2025-01-04T14:23:04.061+0100 DEBUG              [main]                         pxl.be.post.controller.PostControllerTests - Running with Spring Boot v3.3.3, Spring v6.1.12
[CUSTOM LOG] 2025-01-04T14:23:04.062+0100 INFO               [main]                         pxl.be.post.controller.PostControllerTests - No active profile set, falling back to 1 default profile: "default"
[CUSTOM LOG] 2025-01-04T14:23:07.306+0100 INFO               [main]                         pxl.be.post.controller.PostControllerTests - Started PostControllerTests in 5.366 seconds (process running for 6.63)
[CUSTOM LOG] 2025-01-04T14:23:07.475+0100 INFO               [main]                         pxl.be.post.controller.PostController - Filtering posts
[CUSTOM LOG] 2025-01-04T14:23:07.476+0100 DEBUG              [main]                         pxl.be.post.controller.PostController - Filtering posts with content: Content 1, author: Author 1, startDate: null, endDate: null
[CUSTOM LOG] 2025-01-04T14:23:07.595+0100 INFO               [main]                         pxl.be.post.controller.PostController - Getting all posts
[CUSTOM LOG] 2025-01-04T14:23:07.595+0100 DEBUG              [main]                         pxl.be.post.controller.PostController - Getting all posts
[CUSTOM LOG] 2025-01-04T14:23:07.605+0100 INFO               [main]                         pxl.be.post.controller.PostController - <200 OK OK,[PostResponse(id=1, title=Post 1, content=Content 1, isConcept=true, isApproved=false, isPublished=false, review=null, author=Author 1, date=Sat Jan 04 14:23:07 CET 2025), PostResponse(id=2, title=Post 2, content=Content 2, isConcept=false, isApproved=false, isPublished=false, review=null, author=Author 2, date=Sat Jan 04 14:23:07 CET 2025)],[]>
[CUSTOM LOG] 2025-01-04T14:23:07.726+0100 INFO               [main]                         pxl.be.post.controller.PostController - Updating postCreatePostRequest(title=Updated Post, content=This is an updated post., author=Author, date=Sat Jan 04 14:23:07 CET 2025, isConcept=true)
[CUSTOM LOG] 2025-01-04T14:23:07.727+0100 INFO               [main]                         pxl.be.post.controller.PostController - CreatePostRequest(title=Updated Post, content=This is an updated post., author=Author, date=Sat Jan 04 14:23:07 CET 2025, isConcept=true)
[CUSTOM LOG] 2025-01-04T14:23:07.727+0100 DEBUG              [main]                         pxl.be.post.controller.PostController - Updating post
[CUSTOM LOG] 2025-01-04T14:23:07.766+0100 INFO               [main]                         pxl.be.post.controller.PostController - Getting all public posts
[CUSTOM LOG] 2025-01-04T14:23:07.767+0100 DEBUG              [main]                         pxl.be.post.controller.PostController - Getting all posts
[CUSTOM LOG] 2025-01-04T14:23:07.793+0100 INFO               [main]                         pxl.be.post.controller.PostController - Creating post
[CUSTOM LOG] 2025-01-04T14:23:07.793+0100 INFO               [main]                         pxl.be.post.controller.PostController - CreatePostRequest(title=Test Post, content=This is a test post., author=Author, date=Sat Jan 04 14:23:07 CET 2025, isConcept=false)
[CUSTOM LOG] 2025-01-04T14:23:07.793+0100 DEBUG              [main]                         pxl.be.post.controller.PostController - Creating post
[CUSTOM LOG] 2025-01-04T14:23:59.036+0100 INFO               [main]                         pxl.be.post.controller.PostControllerTests - Starting PostControllerTests using Java 21.0.2 with PID 11012 (started by 12200538 in C:\Users\12200538\Documents\project-ThimoGubbelsPXL\backend-java\post-service)
[CUSTOM LOG] 2025-01-04T14:23:59.037+0100 DEBUG              [main]                         pxl.be.post.controller.PostControllerTests - Running with Spring Boot v3.3.3, Spring v6.1.12
[CUSTOM LOG] 2025-01-04T14:23:59.038+0100 INFO               [main]                         pxl.be.post.controller.PostControllerTests - No active profile set, falling back to 1 default profile: "default"
[CUSTOM LOG] 2025-01-04T14:24:01.972+0100 INFO               [main]                         pxl.be.post.controller.PostControllerTests - Started PostControllerTests in 5.201 seconds (process running for 6.944)
[CUSTOM LOG] 2025-01-04T14:24:02.174+0100 INFO               [main]                         pxl.be.post.controller.PostController - Filtering posts
[CUSTOM LOG] 2025-01-04T14:24:02.174+0100 DEBUG              [main]                         pxl.be.post.controller.PostController - Filtering posts with content: Content 1, author: Author 1, startDate: null, endDate: null
[CUSTOM LOG] 2025-01-04T14:24:02.315+0100 INFO               [main]                         pxl.be.post.controller.PostController - Getting all posts
[CUSTOM LOG] 2025-01-04T14:24:02.316+0100 DEBUG              [main]                         pxl.be.post.controller.PostController - Getting all posts
[CUSTOM LOG] 2025-01-04T14:24:02.327+0100 INFO               [main]                         pxl.be.post.controller.PostController - <200 OK OK,[PostResponse(id=1, title=Post 1, content=Content 1, isConcept=true, isApproved=false, isPublished=false, review=null, author=Author 1, date=Sat Jan 04 14:24:02 CET 2025), PostResponse(id=2, title=Post 2, content=Content 2, isConcept=false, isApproved=false, isPublished=false, review=null, author=Author 2, date=Sat Jan 04 14:24:02 CET 2025)],[]>
[CUSTOM LOG] 2025-01-04T14:24:02.467+0100 INFO               [main]                         pxl.be.post.controller.PostController - Updating postCreatePostRequest(title=Updated Post, content=This is an updated post., author=Author, date=Sat Jan 04 14:24:02 CET 2025, isConcept=true)
[CUSTOM LOG] 2025-01-04T14:24:02.468+0100 INFO               [main]                         pxl.be.post.controller.PostController - CreatePostRequest(title=Updated Post, content=This is an updated post., author=Author, date=Sat Jan 04 14:24:02 CET 2025, isConcept=true)
[CUSTOM LOG] 2025-01-04T14:24:02.468+0100 DEBUG              [main]                         pxl.be.post.controller.PostController - Updating post
[CUSTOM LOG] 2025-01-04T14:24:02.507+0100 INFO               [main]                         pxl.be.post.controller.PostController - Getting all public posts
[CUSTOM LOG] 2025-01-04T14:24:02.508+0100 DEBUG              [main]                         pxl.be.post.controller.PostController - Getting all posts
[CUSTOM LOG] 2025-01-04T14:24:02.531+0100 INFO               [main]                         pxl.be.post.controller.PostController - Creating post
[CUSTOM LOG] 2025-01-04T14:24:02.532+0100 INFO               [main]                         pxl.be.post.controller.PostController - CreatePostRequest(title=Test Post, content=This is a test post., author=Author, date=Sat Jan 04 14:24:02 CET 2025, isConcept=false)
[CUSTOM LOG] 2025-01-04T14:24:02.532+0100 DEBUG              [main]                         pxl.be.post.controller.PostController - Creating post
[CUSTOM LOG] 2025-01-04T14:24:22.917+0100 INFO               [main]                         pxl.be.post.controller.PostControllerTests - Starting PostControllerTests using Java 21.0.2 with PID 16696 (started by 12200538 in C:\Users\12200538\Documents\project-ThimoGubbelsPXL\backend-java\post-service)
[CUSTOM LOG] 2025-01-04T14:24:22.918+0100 DEBUG              [main]                         pxl.be.post.controller.PostControllerTests - Running with Spring Boot v3.3.3, Spring v6.1.12
[CUSTOM LOG] 2025-01-04T14:24:22.919+0100 INFO               [main]                         pxl.be.post.controller.PostControllerTests - No active profile set, falling back to 1 default profile: "default"
[CUSTOM LOG] 2025-01-04T14:24:26.051+0100 INFO               [main]                         pxl.be.post.controller.PostControllerTests - Started PostControllerTests in 5.29 seconds (process running for 6.817)
[CUSTOM LOG] 2025-01-04T14:24:26.268+0100 INFO               [main]                         pxl.be.post.controller.PostController - Filtering posts
[CUSTOM LOG] 2025-01-04T14:24:26.269+0100 DEBUG              [main]                         pxl.be.post.controller.PostController - Filtering posts with content: Content 1, author: Author 1, startDate: null, endDate: null
[CUSTOM LOG] 2025-01-04T14:24:26.441+0100 INFO               [main]                         pxl.be.post.controller.PostController - Publishing post with id: 1
[CUSTOM LOG] 2025-01-04T14:24:26.475+0100 INFO               [main]                         pxl.be.post.controller.PostController - Getting all posts
[CUSTOM LOG] 2025-01-04T14:24:26.476+0100 DEBUG              [main]                         pxl.be.post.controller.PostController - Getting all posts
[CUSTOM LOG] 2025-01-04T14:24:26.494+0100 INFO               [main]                         pxl.be.post.controller.PostController - <200 OK OK,[PostResponse(id=1, title=Post 1, content=Content 1, isConcept=true, isApproved=false, isPublished=false, review=null, author=Author 1, date=Sat Jan 04 14:24:26 CET 2025), PostResponse(id=2, title=Post 2, content=Content 2, isConcept=false, isApproved=false, isPublished=false, review=null, author=Author 2, date=Sat Jan 04 14:24:26 CET 2025)],[]>
[CUSTOM LOG] 2025-01-04T14:24:26.677+0100 INFO               [main]                         pxl.be.post.controller.PostController - Updating postCreatePostRequest(title=Updated Post, content=This is an updated post., author=Author, date=Sat Jan 04 14:24:26 CET 2025, isConcept=true)
[CUSTOM LOG] 2025-01-04T14:24:26.677+0100 INFO               [main]                         pxl.be.post.controller.PostController - CreatePostRequest(title=Updated Post, content=This is an updated post., author=Author, date=Sat Jan 04 14:24:26 CET 2025, isConcept=true)
[CUSTOM LOG] 2025-01-04T14:24:26.677+0100 DEBUG              [main]                         pxl.be.post.controller.PostController - Updating post
[CUSTOM LOG] 2025-01-04T14:24:26.768+0100 INFO               [main]                         pxl.be.post.controller.PostController - Getting all public posts
[CUSTOM LOG] 2025-01-04T14:24:26.768+0100 DEBUG              [main]                         pxl.be.post.controller.PostController - Getting all posts
[CUSTOM LOG] 2025-01-04T14:24:26.797+0100 INFO               [main]                         pxl.be.post.controller.PostController - Creating post
[CUSTOM LOG] 2025-01-04T14:24:26.798+0100 INFO               [main]                         pxl.be.post.controller.PostController - CreatePostRequest(title=Test Post, content=This is a test post., author=Author, date=Sat Jan 04 14:24:26 CET 2025, isConcept=false)
[CUSTOM LOG] 2025-01-04T14:24:26.798+0100 DEBUG              [main]                         pxl.be.post.controller.PostController - Creating post
[CUSTOM LOG] 2025-01-04T14:24:52.578+0100 INFO               [main]                         pxl.be.post.controller.PostControllerTests - Starting PostControllerTests using Java 21.0.2 with PID 10224 (started by 12200538 in C:\Users\12200538\Documents\project-ThimoGubbelsPXL\backend-java\post-service)
[CUSTOM LOG] 2025-01-04T14:24:52.580+0100 DEBUG              [main]                         pxl.be.post.controller.PostControllerTests - Running with Spring Boot v3.3.3, Spring v6.1.12
[CUSTOM LOG] 2025-01-04T14:24:52.581+0100 INFO               [main]                         pxl.be.post.controller.PostControllerTests - No active profile set, falling back to 1 default profile: "default"
[CUSTOM LOG] 2025-01-04T14:24:55.707+0100 INFO               [main]                         pxl.be.post.controller.PostControllerTests - Started PostControllerTests in 5.284 seconds (process running for 6.628)
[CUSTOM LOG] 2025-01-04T14:24:55.919+0100 INFO               [main]                         pxl.be.post.controller.PostController - Filtering posts
[CUSTOM LOG] 2025-01-04T14:24:55.919+0100 DEBUG              [main]                         pxl.be.post.controller.PostController - Filtering posts with content: Content 1, author: Author 1, startDate: null, endDate: null
[CUSTOM LOG] 2025-01-04T14:24:56.088+0100 INFO               [main]                         pxl.be.post.controller.PostController - Publishing post with id: 1
[CUSTOM LOG] 2025-01-04T14:24:56.103+0100 INFO               [main]                         pxl.be.post.controller.PostController - Getting all posts
[CUSTOM LOG] 2025-01-04T14:24:56.103+0100 DEBUG              [main]                         pxl.be.post.controller.PostController - Getting all posts
[CUSTOM LOG] 2025-01-04T14:24:56.114+0100 INFO               [main]                         pxl.be.post.controller.PostController - <200 OK OK,[PostResponse(id=1, title=Post 1, content=Content 1, isConcept=true, isApproved=false, isPublished=false, review=null, author=Author 1, date=Sat Jan 04 14:24:56 CET 2025), PostResponse(id=2, title=Post 2, content=Content 2, isConcept=false, isApproved=false, isPublished=false, review=null, author=Author 2, date=Sat Jan 04 14:24:56 CET 2025)],[]>
[CUSTOM LOG] 2025-01-04T14:24:56.247+0100 INFO               [main]                         pxl.be.post.controller.PostController - Updating postCreatePostRequest(title=Updated Post, content=This is an updated post., author=Author, date=Sat Jan 04 14:24:56 CET 2025, isConcept=true)
[CUSTOM LOG] 2025-01-04T14:24:56.248+0100 INFO               [main]                         pxl.be.post.controller.PostController - CreatePostRequest(title=Updated Post, content=This is an updated post., author=Author, date=Sat Jan 04 14:24:56 CET 2025, isConcept=true)
[CUSTOM LOG] 2025-01-04T14:24:56.248+0100 DEBUG              [main]                         pxl.be.post.controller.PostController - Updating post
[CUSTOM LOG] 2025-01-04T14:24:56.302+0100 INFO               [main]                         pxl.be.post.controller.PostController - Getting all public posts
[CUSTOM LOG] 2025-01-04T14:24:56.303+0100 DEBUG              [main]                         pxl.be.post.controller.PostController - Getting all posts
[CUSTOM LOG] 2025-01-04T14:24:56.336+0100 INFO               [main]                         pxl.be.post.controller.PostController - Creating post
[CUSTOM LOG] 2025-01-04T14:24:56.336+0100 INFO               [main]                         pxl.be.post.controller.PostController - CreatePostRequest(title=Test Post, content=This is a test post., author=Author, date=Sat Jan 04 14:24:56 CET 2025, isConcept=false)
[CUSTOM LOG] 2025-01-04T14:24:56.336+0100 DEBUG              [main]                         pxl.be.post.controller.PostController - Creating post
[CUSTOM LOG] 2025-01-04T14:25:05.890+0100 INFO               [main]                         pxl.be.post.controller.PostControllerTests - Starting PostControllerTests using Java 21.0.2 with PID 296 (started by 12200538 in C:\Users\12200538\Documents\project-ThimoGubbelsPXL\backend-java\post-service)
[CUSTOM LOG] 2025-01-04T14:25:05.892+0100 DEBUG              [main]                         pxl.be.post.controller.PostControllerTests - Running with Spring Boot v3.3.3, Spring v6.1.12
[CUSTOM LOG] 2025-01-04T14:25:05.893+0100 INFO               [main]                         pxl.be.post.controller.PostControllerTests - No active profile set, falling back to 1 default profile: "default"
[CUSTOM LOG] 2025-01-04T14:25:08.785+0100 INFO               [main]                         pxl.be.post.controller.PostControllerTests - Started PostControllerTests in 5.262 seconds (process running for 7.124)
[CUSTOM LOG] 2025-01-04T14:25:09.028+0100 INFO               [main]                         pxl.be.post.controller.PostController - Filtering posts
[CUSTOM LOG] 2025-01-04T14:25:09.029+0100 DEBUG              [main]                         pxl.be.post.controller.PostController - Filtering posts with content: Content 1, author: Author 1, startDate: null, endDate: null
[CUSTOM LOG] 2025-01-04T14:25:09.216+0100 INFO               [main]                         pxl.be.post.controller.PostController - Publishing post with id: 1
[CUSTOM LOG] 2025-01-04T14:25:09.230+0100 INFO               [main]                         pxl.be.post.controller.PostController - Getting all posts
[CUSTOM LOG] 2025-01-04T14:25:09.230+0100 DEBUG              [main]                         pxl.be.post.controller.PostController - Getting all posts
[CUSTOM LOG] 2025-01-04T14:25:09.240+0100 INFO               [main]                         pxl.be.post.controller.PostController - <200 OK OK,[PostResponse(id=1, title=Post 1, content=Content 1, isConcept=true, isApproved=false, isPublished=false, review=null, author=Author 1, date=Sat Jan 04 14:25:09 CET 2025), PostResponse(id=2, title=Post 2, content=Content 2, isConcept=false, isApproved=false, isPublished=false, review=null, author=Author 2, date=Sat Jan 04 14:25:09 CET 2025)],[]>
[CUSTOM LOG] 2025-01-04T14:25:09.358+0100 INFO               [main]                         pxl.be.post.controller.PostController - Updating postCreatePostRequest(title=Updated Post, content=This is an updated post., author=Author, date=Sat Jan 04 14:25:09 CET 2025, isConcept=true)
[CUSTOM LOG] 2025-01-04T14:25:09.358+0100 INFO               [main]                         pxl.be.post.controller.PostController - CreatePostRequest(title=Updated Post, content=This is an updated post., author=Author, date=Sat Jan 04 14:25:09 CET 2025, isConcept=true)
[CUSTOM LOG] 2025-01-04T14:25:09.358+0100 DEBUG              [main]                         pxl.be.post.controller.PostController - Updating post
[CUSTOM LOG] 2025-01-04T14:25:09.404+0100 INFO               [main]                         pxl.be.post.controller.PostController - Getting all public posts
[CUSTOM LOG] 2025-01-04T14:25:09.404+0100 DEBUG              [main]                         pxl.be.post.controller.PostController - Getting all posts
[CUSTOM LOG] 2025-01-04T14:25:09.424+0100 INFO               [main]                         pxl.be.post.controller.PostController - Creating post
[CUSTOM LOG] 2025-01-04T14:25:09.425+0100 INFO               [main]                         pxl.be.post.controller.PostController - CreatePostRequest(title=Test Post, content=This is a test post., author=Author, date=Sat Jan 04 14:25:09 CET 2025, isConcept=false)
[CUSTOM LOG] 2025-01-04T14:25:09.425+0100 DEBUG              [main]                         pxl.be.post.controller.PostController - Creating post
[CUSTOM LOG] 2025-01-04T14:27:51.028+0100 INFO               [main]                         pxl.be.post.controller.PostControllerTests - Starting PostControllerTests using Java 21.0.2 with PID 7628 (started by 12200538 in C:\Users\12200538\Documents\project-ThimoGubbelsPXL\backend-java\post-service)
[CUSTOM LOG] 2025-01-04T14:27:51.029+0100 DEBUG              [main]                         pxl.be.post.controller.PostControllerTests - Running with Spring Boot v3.3.3, Spring v6.1.12
[CUSTOM LOG] 2025-01-04T14:27:51.030+0100 INFO               [main]                         pxl.be.post.controller.PostControllerTests - No active profile set, falling back to 1 default profile: "default"
[CUSTOM LOG] 2025-01-04T14:27:52.518+0100 INFO               [main]                         pxl.be.post.controller.PostControllerTests - Started PostControllerTests in 3.563 seconds (process running for 5.902)
[CUSTOM LOG] 2025-01-04T14:27:52.657+0100 INFO               [main]                         pxl.be.post.controller.PostController - Filtering posts
[CUSTOM LOG] 2025-01-04T14:27:52.657+0100 DEBUG              [main]                         pxl.be.post.controller.PostController - Filtering posts with content: Content 1, author: Author 1, startDate: null, endDate: null
[CUSTOM LOG] 2025-01-04T14:27:52.837+0100 INFO               [main]                         pxl.be.post.controller.PostController - Publishing post with id: 1
[CUSTOM LOG] 2025-01-04T14:27:52.848+0100 INFO               [main]                         pxl.be.post.controller.PostController - Getting all posts
[CUSTOM LOG] 2025-01-04T14:27:52.848+0100 DEBUG              [main]                         pxl.be.post.controller.PostController - Getting all posts
[CUSTOM LOG] 2025-01-04T14:27:52.855+0100 INFO               [main]                         pxl.be.post.controller.PostController - <200 OK OK,[PostResponse(id=1, title=Post 1, content=Content 1, isConcept=true, isApproved=false, isPublished=false, review=null, author=Author 1, date=Sat Jan 04 14:27:52 CET 2025), PostResponse(id=2, title=Post 2, content=Content 2, isConcept=false, isApproved=false, isPublished=false, review=null, author=Author 2, date=Sat Jan 04 14:27:52 CET 2025)],[]>
[CUSTOM LOG] 2025-01-04T14:27:52.964+0100 INFO               [main]                         pxl.be.post.controller.PostController - Updating postCreatePostRequest(title=Updated Post, content=This is an updated post., author=Author, date=Sat Jan 04 14:27:52 CET 2025, isConcept=true)
[CUSTOM LOG] 2025-01-04T14:27:52.964+0100 INFO               [main]                         pxl.be.post.controller.PostController - CreatePostRequest(title=Updated Post, content=This is an updated post., author=Author, date=Sat Jan 04 14:27:52 CET 2025, isConcept=true)
[CUSTOM LOG] 2025-01-04T14:27:52.964+0100 DEBUG              [main]                         pxl.be.post.controller.PostController - Updating post
[CUSTOM LOG] 2025-01-04T14:27:53.002+0100 INFO               [main]                         pxl.be.post.controller.PostController - Getting all public posts
[CUSTOM LOG] 2025-01-04T14:27:53.002+0100 DEBUG              [main]                         pxl.be.post.controller.PostController - Getting all posts
[CUSTOM LOG] 2025-01-04T14:27:53.018+0100 INFO               [main]                         pxl.be.post.controller.PostController - Creating post
[CUSTOM LOG] 2025-01-04T14:27:53.019+0100 INFO               [main]                         pxl.be.post.controller.PostController - CreatePostRequest(title=Test Post, content=This is a test post., author=Author, date=Sat Jan 04 14:27:53 CET 2025, isConcept=false)
[CUSTOM LOG] 2025-01-04T14:27:53.019+0100 DEBUG              [main]                         pxl.be.post.controller.PostController - Creating post
[CUSTOM LOG] 2025-01-04T14:28:58.357+0100 INFO               [main]                         pxl.be.post.controller.PostControllerTests - Starting PostControllerTests using Java 21.0.2 with PID 19944 (started by 12200538 in C:\Users\12200538\Documents\project-ThimoGubbelsPXL\backend-java\post-service)
[CUSTOM LOG] 2025-01-04T14:28:58.359+0100 DEBUG              [main]                         pxl.be.post.controller.PostControllerTests - Running with Spring Boot v3.3.3, Spring v6.1.12
[CUSTOM LOG] 2025-01-04T14:28:58.360+0100 INFO               [main]                         pxl.be.post.controller.PostControllerTests - No active profile set, falling back to 1 default profile: "default"
[CUSTOM LOG] 2025-01-04T14:28:59.849+0100 INFO               [main]                         pxl.be.post.controller.PostControllerTests - Started PostControllerTests in 3.667 seconds (process running for 6.218)
[CUSTOM LOG] 2025-01-04T14:29:50.338+0100 INFO               [main]                         pxl.be.post.controller.PostControllerTests - Starting PostControllerTests using Java 21.0.2 with PID 4556 (started by 12200538 in C:\Users\12200538\Documents\project-ThimoGubbelsPXL\backend-java\post-service)
[CUSTOM LOG] 2025-01-04T14:29:50.339+0100 DEBUG              [main]                         pxl.be.post.controller.PostControllerTests - Running with Spring Boot v3.3.3, Spring v6.1.12
[CUSTOM LOG] 2025-01-04T14:29:50.340+0100 INFO               [main]                         pxl.be.post.controller.PostControllerTests - No active profile set, falling back to 1 default profile: "default"
[CUSTOM LOG] 2025-01-04T14:29:51.901+0100 INFO               [main]                         pxl.be.post.controller.PostControllerTests - Started PostControllerTests in 3.711 seconds (process running for 6.273)
