[CUSTOM LOG] 2024-12-31T13:54:45.650+0100 INFO               [main]                         pxl.be.post.service.PostServiceIntegrationTests - Starting PostServiceIntegrationTests using Java 21.0.2 with PID 1476 (started by 12200538 in C:\Users\12200538\Documents\project-ThimoGubbelsPXL\backend-java\post-service)
[CUSTOM LOG] 2024-12-31T13:54:45.661+0100 DEBUG              [main]                         pxl.be.post.service.PostServiceIntegrationTests - Running with Spring Boot v3.3.3, Spring v6.1.12
[CUSTOM LOG] 2024-12-31T13:54:45.662+0100 INFO               [main]                         pxl.be.post.service.PostServiceIntegrationTests - No active profile set, falling back to 1 default profile: "default"
[CUSTOM LOG] 2024-12-31T13:54:54.270+0100 INFO               [main]                         pxl.be.post.service.PostServiceIntegrationTests - Started PostServiceIntegrationTests in 9.957 seconds (process running for 27.95)
[CUSTOM LOG] 2024-12-31T13:54:55.230+0100 DEBUG              [main]                         pxl.be.post.controller.PostController - Saving post with title: Test Post
[CUSTOM LOG] 2024-12-31T13:54:55.496+0100 DEBUG              [main]                         pxl.be.post.controller.PostController - Updating post with id: 4
[CUSTOM LOG] 2024-12-31T13:55:51.217+0100 INFO               [main]                         pxl.be.post.service.PostServiceIntegrationTests - Starting PostServiceIntegrationTests using Java 21.0.2 with PID 1976 (started by 12200538 in C:\Users\12200538\Documents\project-ThimoGubbelsPXL\backend-java\post-service)
[CUSTOM LOG] 2024-12-31T13:55:51.219+0100 DEBUG              [main]                         pxl.be.post.service.PostServiceIntegrationTests - Running with Spring Boot v3.3.3, Spring v6.1.12
[CUSTOM LOG] 2024-12-31T13:55:51.221+0100 INFO               [main]                         pxl.be.post.service.PostServiceIntegrationTests - No active profile set, falling back to 1 default profile: "default"
[CUSTOM LOG] 2024-12-31T13:55:57.954+0100 INFO               [main]                         pxl.be.post.service.PostServiceIntegrationTests - Started PostServiceIntegrationTests in 8.078 seconds (process running for 24.452)
[CUSTOM LOG] 2024-12-31T13:58:30.886+0100 INFO               [main]                         pxl.be.post.controller.PostControllerTests - Starting PostControllerTests using Java 21.0.2 with PID 28268 (started by 12200538 in C:\Users\12200538\Documents\project-ThimoGubbelsPXL\backend-java\post-service)
[CUSTOM LOG] 2024-12-31T13:58:30.888+0100 DEBUG              [main]                         pxl.be.post.controller.PostControllerTests - Running with Spring Boot v3.3.3, Spring v6.1.12
[CUSTOM LOG] 2024-12-31T13:58:30.889+0100 INFO               [main]                         pxl.be.post.controller.PostControllerTests - No active profile set, falling back to 1 default profile: "default"
[CUSTOM LOG] 2024-12-31T13:58:33.985+0100 INFO               [main]                         pxl.be.post.controller.PostControllerTests - Started PostControllerTests in 4.444 seconds (process running for 6.531)
[CUSTOM LOG] 2024-12-31T13:58:34.163+0100 INFO               [main]                         pxl.be.post.controller.PostController - Filtering posts
[CUSTOM LOG] 2024-12-31T13:58:34.164+0100 DEBUG              [main]                         pxl.be.post.controller.PostController - Filtering posts with content: Content 1, author: Author 1, startDate: null, endDate: null
[CUSTOM LOG] 2024-12-31T13:58:34.318+0100 INFO               [main]                         pxl.be.post.controller.PostController - Getting all posts
[CUSTOM LOG] 2024-12-31T13:58:34.318+0100 DEBUG              [main]                         pxl.be.post.controller.PostController - Getting all posts
[CUSTOM LOG] 2024-12-31T13:58:34.461+0100 INFO               [main]                         pxl.be.post.controller.PostController - Updating postCreatePostRequest(title=Updated Post, content=This is an updated post., author=Author, date=Tue Dec 31 13:58:34 CET 2024, isConcept=true)
[CUSTOM LOG] 2024-12-31T13:58:34.462+0100 INFO               [main]                         pxl.be.post.controller.PostController - CreatePostRequest(title=Updated Post, content=This is an updated post., author=Author, date=Tue Dec 31 13:58:34 CET 2024, isConcept=true)
[CUSTOM LOG] 2024-12-31T13:58:34.462+0100 DEBUG              [main]                         pxl.be.post.controller.PostController - Updating post
[CUSTOM LOG] 2024-12-31T13:58:34.499+0100 INFO               [main]                         pxl.be.post.controller.PostController - Getting all public posts
[CUSTOM LOG] 2024-12-31T13:58:34.499+0100 DEBUG              [main]                         pxl.be.post.controller.PostController - Getting all posts
[CUSTOM LOG] 2024-12-31T13:58:34.521+0100 INFO               [main]                         pxl.be.post.controller.PostController - Creating post
[CUSTOM LOG] 2024-12-31T13:58:34.521+0100 INFO               [main]                         pxl.be.post.controller.PostController - CreatePostRequest(title=Test Post, content=This is a test post., author=Author, date=Tue Dec 31 13:58:34 CET 2024, isConcept=false)
[CUSTOM LOG] 2024-12-31T13:58:34.521+0100 DEBUG              [main]                         pxl.be.post.controller.PostController - Creating post
[CUSTOM LOG] 2024-12-31T13:59:00.394+0100 INFO               [main]                         pxl.be.post.service.PostServiceIntegrationTests - Starting PostServiceIntegrationTests using Java 21.0.2 with PID 25456 (started by 12200538 in C:\Users\12200538\Documents\project-ThimoGubbelsPXL\backend-java\post-service)
[CUSTOM LOG] 2024-12-31T13:59:00.395+0100 DEBUG              [main]                         pxl.be.post.service.PostServiceIntegrationTests - Running with Spring Boot v3.3.3, Spring v6.1.12
[CUSTOM LOG] 2024-12-31T13:59:00.396+0100 INFO               [main]                         pxl.be.post.service.PostServiceIntegrationTests - No active profile set, falling back to 1 default profile: "default"
[CUSTOM LOG] 2024-12-31T13:59:06.321+0100 INFO               [main]                         pxl.be.post.service.PostServiceIntegrationTests - Started PostServiceIntegrationTests in 6.813 seconds (process running for 22.428)
[CUSTOM LOG] 2024-12-31T14:01:34.424+0100 INFO               [main]                         pxl.be.post.service.PostServiceIntegrationTests - Starting PostServiceIntegrationTests using Java 21.0.2 with PID 18828 (started by 12200538 in C:\Users\12200538\Documents\project-ThimoGubbelsPXL\backend-java\post-service)
[CUSTOM LOG] 2024-12-31T14:01:34.426+0100 DEBUG              [main]                         pxl.be.post.service.PostServiceIntegrationTests - Running with Spring Boot v3.3.3, Spring v6.1.12
[CUSTOM LOG] 2024-12-31T14:01:34.427+0100 INFO               [main]                         pxl.be.post.service.PostServiceIntegrationTests - No active profile set, falling back to 1 default profile: "default"
[CUSTOM LOG] 2024-12-31T14:01:46.935+0100 INFO               [main]                         pxl.be.post.service.PostServiceIntegrationTests - Started PostServiceIntegrationTests in 15.318 seconds (process running for 46.269)
