[CUSTOM LOG] 2025-01-11T17:52:15.149+0100 INFO               [http-nio-8081-exec-4]         pxl.be.post.controller.PostController - Getting all posts
[CUSTOM LOG] 2025-01-11T17:52:15.154+0100 DEBUG              [http-nio-8081-exec-4]         pxl.be.post.controller.PostController - Getting all posts
[CUSTOM LOG] 2025-01-11T17:52:15.179+0100 INFO               [http-nio-8081-exec-4]         pxl.be.post.service.PostService - Checking if post has a reviewId Post(id=1, commentIds=[], reviewId=24, title=Test, content=Test, isConcept=false, isApproved=true, isPublished=true, author=user1, date=2025-01-02 16:22:25.322)
[CUSTOM LOG] 2025-01-11T17:52:15.179+0100 INFO               [http-nio-8081-exec-4]         pxl.be.post.service.PostService - Getting review with id: 24 (type: java.lang.Long)
[CUSTOM LOG] 2025-01-11T17:52:15.232+0100 INFO               [http-nio-8081-exec-4]         pxl.be.post.service.PostService - Review found:  Review(content=, author=user1)
[CUSTOM LOG] 2025-01-11T17:52:15.235+0100 INFO               [http-nio-8081-exec-4]         pxl.be.post.service.PostService - Checking if post has a reviewId Post(id=2, commentIds=[], reviewId=null, title=tttt, content=testingtttthhhhh, isConcept=false, isApproved=false, isPublished=false, author=user1, date=2025-01-02 17:37:48.667)
[CUSTOM LOG] 2025-01-11T17:52:15.235+0100 INFO               [http-nio-8081-exec-4]         pxl.be.post.controller.PostController - <200 OK OK,[PostResponse(id=1, title=Test, content=Test, isConcept=false, isApproved=true, isPublished=true, review=Review(content=, author=user1), author=user1, date=2025-01-02 16:22:25.322), PostResponse(id=2, title=tttt, content=testingtttthhhhh, isConcept=false, isApproved=false, isPublished=false, review=null, author=user1, date=2025-01-02 17:37:48.667)],[]>
[CUSTOM LOG] 2025-01-11T17:52:19.899+0100 INFO               [http-nio-8081-exec-8]         pxl.be.post.controller.PostController - Updating postCreatePostRequest(title=tttt, content=testingtttthhhhhtttt, author=user1, date=Sat Jan 11 17:52:19 CET 2025, isConcept=false)
[CUSTOM LOG] 2025-01-11T17:52:19.899+0100 INFO               [http-nio-8081-exec-8]         pxl.be.post.controller.PostController - CreatePostRequest(title=tttt, content=testingtttthhhhhtttt, author=user1, date=Sat Jan 11 17:52:19 CET 2025, isConcept=false)
[CUSTOM LOG] 2025-01-11T17:52:19.899+0100 DEBUG              [http-nio-8081-exec-8]         pxl.be.post.controller.PostController - Updating post
[CUSTOM LOG] 2025-01-11T17:52:19.946+0100 DEBUG              [http-nio-8081-exec-8]         pxl.be.post.service.PostService - Updating and saving post with id: 2
[CUSTOM LOG] 2025-01-11T17:52:20.160+0100 INFO               [http-nio-8081-exec-1]         pxl.be.post.controller.PostController - Getting all posts
[CUSTOM LOG] 2025-01-11T17:52:20.160+0100 DEBUG              [http-nio-8081-exec-1]         pxl.be.post.controller.PostController - Getting all posts
[CUSTOM LOG] 2025-01-11T17:52:20.178+0100 INFO               [http-nio-8081-exec-1]         pxl.be.post.service.PostService - Checking if post has a reviewId Post(id=1, commentIds=[], reviewId=24, title=Test, content=Test, isConcept=false, isApproved=true, isPublished=true, author=user1, date=2025-01-02 16:22:25.322)
[CUSTOM LOG] 2025-01-11T17:52:20.178+0100 INFO               [http-nio-8081-exec-1]         pxl.be.post.service.PostService - Getting review with id: 24 (type: java.lang.Long)
[CUSTOM LOG] 2025-01-11T17:52:20.203+0100 INFO               [http-nio-8081-exec-1]         pxl.be.post.service.PostService - Review found:  Review(content=, author=user1)
[CUSTOM LOG] 2025-01-11T17:52:20.206+0100 INFO               [http-nio-8081-exec-1]         pxl.be.post.service.PostService - Checking if post has a reviewId Post(id=2, commentIds=[], reviewId=null, title=tttt, content=testingtttthhhhhtttt, isConcept=false, isApproved=false, isPublished=false, author=user1, date=2025-01-02 17:37:48.667)
[CUSTOM LOG] 2025-01-11T17:52:20.206+0100 INFO               [http-nio-8081-exec-1]         pxl.be.post.controller.PostController - <200 OK OK,[PostResponse(id=1, title=Test, content=Test, isConcept=false, isApproved=true, isPublished=true, review=Review(content=, author=user1), author=user1, date=2025-01-02 16:22:25.322), PostResponse(id=2, title=tttt, content=testingtttthhhhhtttt, isConcept=false, isApproved=false, isPublished=false, review=null, author=user1, date=2025-01-02 17:37:48.667)],[]>
[CUSTOM LOG] 2025-01-11T17:52:24.913+0100 INFO               [http-nio-8081-exec-2]         pxl.be.post.controller.PostController - Getting all posts
[CUSTOM LOG] 2025-01-11T17:52:24.913+0100 DEBUG              [http-nio-8081-exec-2]         pxl.be.post.controller.PostController - Getting all posts
[CUSTOM LOG] 2025-01-11T17:52:24.928+0100 INFO               [http-nio-8081-exec-2]         pxl.be.post.service.PostService - Checking if post has a reviewId Post(id=1, commentIds=[], reviewId=24, title=Test, content=Test, isConcept=false, isApproved=true, isPublished=true, author=user1, date=2025-01-02 16:22:25.322)
[CUSTOM LOG] 2025-01-11T17:52:24.928+0100 INFO               [http-nio-8081-exec-2]         pxl.be.post.service.PostService - Getting review with id: 24 (type: java.lang.Long)
[CUSTOM LOG] 2025-01-11T17:52:24.959+0100 INFO               [http-nio-8081-exec-2]         pxl.be.post.service.PostService - Review found:  Review(content=, author=user1)
[CUSTOM LOG] 2025-01-11T17:52:24.962+0100 INFO               [http-nio-8081-exec-2]         pxl.be.post.service.PostService - Checking if post has a reviewId Post(id=2, commentIds=[], reviewId=null, title=tttt, content=testingtttthhhhhtttt, isConcept=false, isApproved=false, isPublished=false, author=user1, date=2025-01-02 17:37:48.667)
[CUSTOM LOG] 2025-01-11T17:52:24.962+0100 INFO               [http-nio-8081-exec-2]         pxl.be.post.controller.PostController - <200 OK OK,[PostResponse(id=1, title=Test, content=Test, isConcept=false, isApproved=true, isPublished=true, review=Review(content=, author=user1), author=user1, date=2025-01-02 16:22:25.322), PostResponse(id=2, title=tttt, content=testingtttthhhhhtttt, isConcept=false, isApproved=false, isPublished=false, review=null, author=user1, date=2025-01-02 17:37:48.667)],[]>
