[CUSTOM LOG] 2025-01-11T16:17:13.288+0100 INFO               [main]                         pxl.be.comment.controller.CommentControllerTests - Starting CommentControllerTests using Java 21.0.2 with PID 10280 (started by 12200538 in C:\Users\12200538\Documents\project-ThimoGubbelsPXL\backend-java\comment-service)
[CUSTOM LOG] 2025-01-11T16:17:13.297+0100 DEBUG              [main]                         pxl.be.comment.controller.CommentControllerTests - Running with Spring Boot v3.3.3, Spring v6.1.12
[CUSTOM LOG] 2025-01-11T16:17:13.298+0100 INFO               [main]                         pxl.be.comment.controller.CommentControllerTests - No active profile set, falling back to 1 default profile: "default"
[CUSTOM LOG] 2025-01-11T16:17:17.046+0100 INFO               [main]                         pxl.be.comment.controller.CommentControllerTests - Started CommentControllerTests in 6.861 seconds (process running for 9.75)
[CUSTOM LOG] 2025-01-11T16:17:17.219+0100 INFO               [main]                         pxl.be.comment.controller.CommentController - Received delete comment request
[CUSTOM LOG] 2025-01-11T16:17:17.439+0100 INFO               [main]                         pxl.be.comment.controller.CommentController - User with role viewer tried to create a comment
[CUSTOM LOG] 2025-01-11T16:17:17.441+0100 INFO               [main]                         pxl.be.comment.service.CommentService - Unauthorized access
[CUSTOM LOG] 2025-01-11T16:17:17.477+0100 INFO               [main]                         pxl.be.comment.controller.CommentController - User with role viewer tried to delete a comment
[CUSTOM LOG] 2025-01-11T16:17:17.477+0100 INFO               [main]                         pxl.be.comment.service.CommentService - Unauthorized access
[CUSTOM LOG] 2025-01-11T16:17:17.493+0100 INFO               [main]                         pxl.be.comment.controller.CommentController - User with role viewer tried to create a comment
[CUSTOM LOG] 2025-01-11T16:17:17.494+0100 INFO               [main]                         pxl.be.comment.service.CommentService - Unauthorized access
[CUSTOM LOG] 2025-01-11T16:17:17.509+0100 INFO               [main]                         pxl.be.comment.controller.CommentController - Received create comment request
[CUSTOM LOG] 2025-01-11T16:17:17.595+0100 INFO               [main]                         pxl.be.comment.controller.CommentController - Receiving comment request for comment with id: 1
[CUSTOM LOG] 2025-01-11T16:17:17.604+0100 INFO               [main]                         pxl.be.comment.controller.CommentController - Received update comment request
[CUSTOM LOG] 2025-01-11T16:17:18.217+0100 INFO               [main]                         pxl.be.comment.service.CommentService - Deleting comment with id: 1
[CUSTOM LOG] 2025-01-11T16:17:18.229+0100 INFO               [main]                         pxl.be.comment.service.CommentService - Updating comment with id: 1
[CUSTOM LOG] 2025-01-11T16:17:18.236+0100 INFO               [main]                         pxl.be.comment.service.CommentService - Updating comment with id: 1
[CUSTOM LOG] 2025-01-11T16:17:18.243+0100 INFO               [main]                         pxl.be.comment.service.CommentService - Getting comment with id: 1
[CUSTOM LOG] 2025-01-11T16:17:18.251+0100 INFO               [main]                         pxl.be.comment.service.CommentService - Deleting comment with id: 1
[CUSTOM LOG] 2025-01-11T16:17:18.257+0100 INFO               [main]                         pxl.be.comment.service.CommentService - Deleting comment with id: 1
[CUSTOM LOG] 2025-01-11T16:17:18.258+0100 INFO               [main]                         pxl.be.comment.service.CommentService - Sending commentDeleted message to RabbitMQ for postId: 1
[CUSTOM LOG] 2025-01-11T16:17:18.315+0100 INFO               [main]                         pxl.be.comment.service.CommentService - Getting comment with id: 1
[CUSTOM LOG] 2025-01-11T16:17:18.323+0100 INFO               [main]                         pxl.be.comment.service.CommentService - Saving comment with content: Test Comment
[CUSTOM LOG] 2025-01-11T16:17:18.325+0100 INFO               [main]                         pxl.be.comment.service.CommentService - Sending commentAdded message to RabbitMQ for postId: 1
[CUSTOM LOG] 2025-01-11T16:17:34.408+0100 INFO               [main]                         pxl.be.comment.service.CommentServiceIntegrationTests - Starting CommentServiceIntegrationTests using Java 21.0.2 with PID 10280 (started by 12200538 in C:\Users\12200538\Documents\project-ThimoGubbelsPXL\backend-java\comment-service)
[CUSTOM LOG] 2025-01-11T16:17:34.408+0100 DEBUG              [main]                         pxl.be.comment.service.CommentServiceIntegrationTests - Running with Spring Boot v3.3.3, Spring v6.1.12
[CUSTOM LOG] 2025-01-11T16:17:34.408+0100 INFO               [main]                         pxl.be.comment.service.CommentServiceIntegrationTests - No active profile set, falling back to 1 default profile: "default"
[CUSTOM LOG] 2025-01-11T16:17:39.687+0100 INFO               [main]                         pxl.be.comment.service.CommentServiceIntegrationTests - Started CommentServiceIntegrationTests in 6.455 seconds (process running for 32.39)
[CUSTOM LOG] 2025-01-11T16:17:39.975+0100 INFO               [main]                         pxl.be.comment.service.CommentService - Getting comment with id: 1
[CUSTOM LOG] 2025-01-11T16:17:40.009+0100 INFO               [main]                         pxl.be.comment.service.CommentService - Updating comment with id: 2
